[0m11:14:04.062224 [debug] [MainThread]: Sending event: {'category': 'dbt', 'action': 'invocation', 'label': 'start', 'context': [<snowplow_tracker.self_describing_json.SelfDescribingJson object at 0x0000023204AA3FB0>, <snowplow_tracker.self_describing_json.SelfDescribingJson object at 0x0000023208B84620>, <snowplow_tracker.self_describing_json.SelfDescribingJson object at 0x0000023208B846E0>]}


============================== 11:14:04.166739 | 1b70cb0b-f88c-4a69-8586-9c09999b10bc ==============================
[0m11:14:04.166739 [info ] [MainThread]: Running with dbt=1.11.9
[0m11:14:04.166739 [debug] [MainThread]: running dbt with arguments {'static_parser': 'True', 'no_print': 'None', 'version_check': 'True', 'target_path': 'None', 'warn_error_options': 'WarnErrorOptionsV2(error=[], warn=[], silence=[])', 'printer_width': '80', 'write_json': 'True', 'introspect': 'True', 'log_cache_events': 'False', 'empty': 'None', 'cache_selected_only': 'False', 'log_format': 'default', 'debug': 'False', 'fail_fast': 'False', 'profiles_dir': 'C:\\Users\\satya\\.dbt', 'send_anonymous_usage_stats': 'True', 'quiet': 'False', 'warn_error': 'None', 'partial_parse': 'True', 'indirect_selection': 'eager', 'invocation_command': 'dbt init cicd_demo', 'use_colors': 'True', 'use_experimental_parser': 'False', 'log_path': 'logs'}
[0m11:14:04.736629 [debug] [MainThread]: Starter project path: C:\snowflake_dbt_cicd_demo\.venv\Lib\site-packages\dbt\include\starter_project
[0m11:14:04.784546 [info ] [MainThread]: 
Your new dbt project "cicd_demo" was created!

For more information on how to configure the profiles.yml file,
please consult the dbt documentation here:

  https://docs.getdbt.com/docs/configure-your-profile

One more thing:

Need help? Don't hesitate to reach out to us via GitHub issues or on Slack:

  https://community.getdbt.com/

Happy modeling!

[0m11:14:04.784546 [info ] [MainThread]: Setting up your profile.
[0m11:14:23.842852 [debug] [MainThread]: Snowflake adapter: Setting snowflake.connector to ERROR (file logging only)
[0m11:14:23.842852 [debug] [MainThread]: Snowflake adapter: Setting botocore to ERROR (file logging only)
[0m11:14:23.844022 [debug] [MainThread]: Snowflake adapter: Setting boto3 to ERROR (file logging only)
[0m11:27:23.636009 [info ] [MainThread]: Profile cicd_demo written to C:\Users\satya\.dbt\profiles.yml using target's profile_template.yml and your supplied values. Run 'dbt debug' to validate the connection.
[0m11:27:23.637011 [debug] [MainThread]: Command `dbt init` succeeded at 11:27:23.637011 after 799.72 seconds
[0m11:27:23.638181 [debug] [MainThread]: Sending event: {'category': 'dbt', 'action': 'invocation', 'label': 'end', 'context': [<snowplow_tracker.self_describing_json.SelfDescribingJson object at 0x0000023207A46FF0>, <snowplow_tracker.self_describing_json.SelfDescribingJson object at 0x00000232099C7A40>, <snowplow_tracker.self_describing_json.SelfDescribingJson object at 0x00000232093AE9C0>]}
[0m11:27:23.638181 [debug] [MainThread]: Flushing usage events
[0m11:27:24.994981 [debug] [MainThread]: An error was encountered while trying to flush usage events
[0m11:30:47.731040 [debug] [MainThread]: Sending event: {'category': 'dbt', 'action': 'invocation', 'label': 'start', 'context': [<snowplow_tracker.self_describing_json.SelfDescribingJson object at 0x0000022789854EF0>, <snowplow_tracker.self_describing_json.SelfDescribingJson object at 0x000002278A07BCE0>, <snowplow_tracker.self_describing_json.SelfDescribingJson object at 0x0000022787DC14C0>]}


============================== 11:30:47.731040 | 3fc20c2e-d338-4609-8ecf-c298253cfbad ==============================
[0m11:30:47.731040 [info ] [MainThread]: Running with dbt=1.11.9
[0m11:30:47.731040 [debug] [MainThread]: running dbt with arguments {'version_check': 'True', 'no_print': 'None', 'static_parser': 'True', 'warn_error_options': 'WarnErrorOptionsV2(error=[], warn=[], silence=[])', 'target_path': 'None', 'printer_width': '80', 'write_json': 'True', 'empty': 'None', 'log_cache_events': 'False', 'introspect': 'True', 'cache_selected_only': 'False', 'log_format': 'default', 'debug': 'False', 'fail_fast': 'False', 'profiles_dir': 'C:\\Users\\satya\\.dbt', 'send_anonymous_usage_stats': 'True', 'quiet': 'False', 'warn_error': 'None', 'partial_parse': 'True', 'invocation_command': 'dbt debug', 'indirect_selection': 'eager', 'use_colors': 'True', 'use_experimental_parser': 'False', 'log_path': 'logs'}
[0m11:30:47.758730 [info ] [MainThread]: dbt version: 1.11.9
[0m11:30:47.759718 [info ] [MainThread]: python version: 3.12.1
[0m11:30:47.759718 [info ] [MainThread]: python path: C:\snowflake_dbt_cicd_demo\.venv\Scripts\python.exe
[0m11:30:47.761055 [info ] [MainThread]: os info: Windows-11-10.0.26200-SP0
[0m11:30:48.030316 [debug] [MainThread]: Snowflake adapter: Setting snowflake.connector to ERROR (file logging only)
[0m11:30:48.030316 [debug] [MainThread]: Snowflake adapter: Setting botocore to ERROR (file logging only)
[0m11:30:48.030316 [debug] [MainThread]: Snowflake adapter: Setting boto3 to ERROR (file logging only)
[0m11:30:48.127676 [info ] [MainThread]: Using profiles dir at C:\Users\satya\.dbt
[0m11:30:48.127676 [info ] [MainThread]: Using profiles.yml file at C:\Users\satya\.dbt\profiles.yml
[0m11:30:48.143297 [info ] [MainThread]: Using dbt_project.yml file at C:\snowflake_dbt_cicd_demo\dbt_project.yml
[0m11:30:48.144306 [error] [MainThread]: Encountered an error:
Internal Error
  Profile should not be None if loading profile completed
[0m11:30:48.144306 [debug] [MainThread]: Command `dbt debug` failed at 11:30:48.144306 after 0.55 seconds
[0m11:30:48.145383 [debug] [MainThread]: Sending event: {'category': 'dbt', 'action': 'invocation', 'label': 'end', 'context': [<snowplow_tracker.self_describing_json.SelfDescribingJson object at 0x0000022789AE3500>, <snowplow_tracker.self_describing_json.SelfDescribingJson object at 0x000002278C5D0110>, <snowplow_tracker.self_describing_json.SelfDescribingJson object at 0x000002278C577E60>]}
[0m11:30:48.145383 [debug] [MainThread]: Flushing usage events
[0m11:30:49.661415 [debug] [MainThread]: An error was encountered while trying to flush usage events
